python re_evaluate_all.py
Found 21 experiment folders. Starting re-evaluation...
>>> Re-evaluating: R3_Reverse_Efficient
Evaluating OOD for /home/linux/taewony/SPAK/examples/KernelEngineer/looplm/experiments/R3_Reverse_Efficient/ckpt.pt...

--- Carry-wise Diagnostic Report ---
 0 Carries |     0.00% (0/79)
 1 Carries |     0.00% (0/121)
 2 Carries |     0.00% (0/104)
 3 Carries |     0.00% (0/80)
 4 Carries |     0.00% (0/53)
 5 Carries |     0.00% (0/25)
 6 Carries |     0.00% (0/26)
 7 Carries |     0.00% (0/10)
 8 Carries |     0.00% (0/1)
 9 Carries |     0.00% (0/1)

--- OOD Detailed Intelligence Report ---
1-4 Digits |     0.00% |     32.00
 5+ Digits |     0.00% |     32.00
 6+ Digits |     0.00% |     32.00
 8+ Digits |     0.00% |     32.00
10+ Digits |     0.00% |     32.00
12+ Digits |     0.00% |     32.00
>>> Re-evaluating: B2_Static_Reverse
Evaluating OOD for /home/linux/taewony/SPAK/examples/KernelEngineer/looplm/experiments/B2_Static_Reverse/ckpt.pt...
number of parameters: 9.45M

--- Carry-wise Diagnostic Report ---
 0 Carries |    10.13% (8/79)
 1 Carries |     0.83% (1/121)
 2 Carries |     0.00% (0/104)
 3 Carries |     0.00% (0/80)
 4 Carries |     0.00% (0/53)
 5 Carries |     0.00% (0/25)
 6 Carries |     0.00% (0/26)
 7 Carries |     0.00% (0/10)
 8 Carries |     0.00% (0/1)
 9 Carries |     0.00% (0/1)

--- OOD Detailed Intelligence Report ---
1-4 Digits |    12.50% |     12.00
 5+ Digits |     3.12% |     12.00
 6+ Digits |     1.52% |     12.00
 8+ Digits |     0.00% |     12.00
10+ Digits |     0.00% |     12.00
12+ Digits |     0.00% |     12.00
>>> Re-evaluating: R2_Reverse_Grok
Evaluating OOD for /home/linux/taewony/SPAK/examples/KernelEngineer/looplm/experiments/R2_Reverse_Grok/ckpt.pt...

--- Carry-wise Diagnostic Report ---
 0 Carries |     6.33% (5/79)
 1 Carries |     0.83% (1/121)
 2 Carries |     0.00% (0/104)
 3 Carries |     0.00% (0/80)
 4 Carries |     0.00% (0/53)
 5 Carries |     0.00% (0/25)
 6 Carries |     0.00% (0/26)
 7 Carries |     0.00% (0/10)
 8 Carries |     0.00% (0/1)
 9 Carries |     0.00% (0/1)

--- OOD Detailed Intelligence Report ---
1-4 Digits |     7.14% |     22.63
 5+ Digits |     3.12% |     20.93
 6+ Digits |     1.52% |     21.91
 8+ Digits |     0.00% |     23.39
10+ Digits |     0.00% |     23.59
12+ Digits |     0.00% |     23.70
>>> Re-evaluating: R1_Reverse_Baseline
Evaluating OOD for /home/linux/taewony/SPAK/examples/KernelEngineer/looplm/experiments/R1_Reverse_Baseline/ckpt.pt...

--- Carry-wise Diagnostic Report ---
 0 Carries |     1.27% (1/79)
 1 Carries |     0.83% (1/121)
 2 Carries |     0.00% (0/104)
 3 Carries |     0.00% (0/80)
 4 Carries |     0.00% (0/53)
 5 Carries |     0.00% (0/25)
 6 Carries |     0.00% (0/26)
 7 Carries |     0.00% (0/10)
 8 Carries |     0.00% (0/1)
 9 Carries |     0.00% (0/1)

--- OOD Detailed Intelligence Report ---
1-4 Digits |     3.57% |     15.23
 5+ Digits |     0.00% |     15.40
 6+ Digits |     0.00% |     15.51
 8+ Digits |     0.00% |     15.85
10+ Digits |     0.00% |     15.95
12+ Digits |     0.00% |     15.99
>>> Re-evaluating: L2_Dynamic_Reverse
Evaluating OOD for /home/linux/taewony/SPAK/examples/KernelEngineer/looplm/experiments/L2_Dynamic_Reverse/ckpt.pt...

--- Carry-wise Diagnostic Report ---
 0 Carries |     7.59% (6/79)
 1 Carries |     0.83% (1/121)
 2 Carries |     0.00% (0/104)
 3 Carries |     0.00% (0/80)
 4 Carries |     0.00% (0/53)
 5 Carries |     0.00% (0/25)
 6 Carries |     0.00% (0/26)
 7 Carries |     0.00% (0/10)
 8 Carries |     0.00% (0/1)
 9 Carries |     0.00% (0/1)

--- OOD Detailed Intelligence Report ---
1-4 Digits |    10.71% |     11.72
 5+ Digits |     0.00% |     11.78
 6+ Digits |     1.52% |     11.91
 8+ Digits |     0.00% |     11.99
10+ Digits |     0.00% |     11.98
12+ Digits |     0.00% |     11.97
>>> Re-evaluating: R4_Reverse_Deep_Thinking
Evaluating OOD for /home/linux/taewony/SPAK/examples/KernelEngineer/looplm/experiments/R4_Reverse_Deep_Thinking/ckpt.pt...

--- Carry-wise Diagnostic Report ---
 0 Carries |     3.80% (3/79)
 1 Carries |     0.83% (1/121)
 2 Carries |     0.00% (0/104)
 3 Carries |     0.00% (0/80)
 4 Carries |     0.00% (0/53)
 5 Carries |     0.00% (0/25)
 6 Carries |     0.00% (0/26)
 7 Carries |     0.00% (0/10)
 8 Carries |     0.00% (0/1)
 9 Carries |     0.00% (0/1)

--- OOD Detailed Intelligence Report ---
1-4 Digits |     3.57% |     47.46
 5+ Digits |     3.12% |     47.91
 6+ Digits |     1.52% |     47.95
 8+ Digits |     0.00% |     47.96
10+ Digits |     0.00% |     47.97
12+ Digits |     0.00% |     47.99
✨ Re-evaluation Complete! Results saved to /home/linux/taewony/SPAK/examples/KernelEngineer/looplm/experiments/summary_diagnostic.json
