############################################################
🏁 ALL EXPERIMENTS COMPLETE
############################################################

Summary Table:
Experiment           | Accuracy   | Avg Steps
----------------------------------------------
W2_stiff_thinking    |     0.00% |      24.00
T2_deep_narrow       |     0.00% |      32.00
A4_robust_reg        |     0.00% |      16.00

############################################################
🏁 ALL EXPERIMENTS COMPLETE
############################################################

Summary Table:
Experiment           | Accuracy   | Avg Steps
----------------------------------------------
baseline             |     5.00% |      11.05
A1_low_cap           |     0.00% |      12.00
A2_very_low_cap      |     0.00% |      12.00
A3_high_dropout      |     3.50% |      11.59
T1_deep_thinking     |     0.00% |      24.00
